<?xml version="1.0" encoding="UTF-8"?>
<testng-results ignored="0" total="5" passed="4" failed="1" skipped="0">
  <reporter-output>
  </reporter-output>
  <suite started-at="2024-06-24T23:25:27 GMT-07:00" name="Default suite" finished-at="2024-06-24T23:26:41 GMT-07:00" duration-ms="74520">
    <groups>
    </groups>
    <test started-at="2024-06-24T23:25:27 GMT-07:00" name="Default test" finished-at="2024-06-24T23:26:41 GMT-07:00" duration-ms="74520">
      <class name="test.ProductSearchTest">
        <test-method signature="verifyIfUserIsAbleToSearchProduct()[pri:1, instance:test.ProductSearchTest@5fe94a96]" started-at="2024-06-24T23:25:27 GMT-07:00" name="verifyIfUserIsAbleToSearchProduct" finished-at="2024-06-24T23:25:40 GMT-07:00" duration-ms="12916" status="PASS">
          <reporter-output>
          </reporter-output>
        </test-method> <!-- verifyIfUserIsAbleToSearchProduct -->
        <test-method signature="verifyIfUserIsAbleToClickOnLoginLink()[pri:2, instance:test.ProductSearchTest@5fe94a96]" started-at="2024-06-24T23:25:40 GMT-07:00" name="verifyIfUserIsAbleToClickOnLoginLink" finished-at="2024-06-24T23:25:48 GMT-07:00" duration-ms="7888" status="PASS">
          <reporter-output>
          </reporter-output>
        </test-method> <!-- verifyIfUserIsAbleToClickOnLoginLink -->
        <test-method signature="verifyIfUserIsAbleToClickOnTrackOrderLink()[pri:3, instance:test.ProductSearchTest@5fe94a96]" started-at="2024-06-24T23:25:48 GMT-07:00" name="verifyIfUserIsAbleToClickOnTrackOrderLink" finished-at="2024-06-24T23:26:02 GMT-07:00" duration-ms="14637" status="FAIL">
          <exception class="java.lang.AssertionError">
            <message>
              <![CDATA[expected [Naaptol Track Order - Track Online Order Status1] but found [Naaptol Track Order - Track Online Order Status]]]>
            </message>
            <full-stacktrace>
              <![CDATA[java.lang.AssertionError: expected [Naaptol Track Order - Track Online Order Status1] but found [Naaptol Track Order - Track Online Order Status]
at org.testng.Assert.fail(Assert.java:111)
at org.testng.Assert.failNotEquals(Assert.java:1578)
at org.testng.Assert.assertEqualsImpl(Assert.java:150)
at org.testng.Assert.assertEquals(Assert.java:132)
at org.testng.Assert.assertEquals(Assert.java:656)
at org.testng.Assert.assertEquals(Assert.java:666)
at test.ProductSearchTest.verifyIfUserIsAbleToClickOnTrackOrderLink(ProductSearchTest.java:57)
at java.base/jdk.internal.reflect.DirectMethodHandleAccessor.invoke(DirectMethodHandleAccessor.java:103)
at java.base/java.lang.reflect.Method.invoke(Method.java:580)
at org.testng.internal.invokers.MethodInvocationHelper.invokeMethod(MethodInvocationHelper.java:141)
at org.testng.internal.invokers.TestInvoker.invokeMethod(TestInvoker.java:686)
at org.testng.internal.invokers.TestInvoker.invokeTestMethod(TestInvoker.java:230)
at org.testng.internal.invokers.MethodRunner.runInSequence(MethodRunner.java:63)
at org.testng.internal.invokers.TestInvoker$MethodInvocationAgent.invoke(TestInvoker.java:992)
at org.testng.internal.invokers.TestInvoker.invokeTestMethods(TestInvoker.java:203)
at org.testng.internal.invokers.TestMethodWorker.invokeTestMethods(TestMethodWorker.java:154)
at org.testng.internal.invokers.TestMethodWorker.run(TestMethodWorker.java:134)
at java.base/java.util.ArrayList.forEach(ArrayList.java:1596)
at org.testng.TestRunner.privateRun(TestRunner.java:739)
at org.testng.TestRunner.run(TestRunner.java:614)
at org.testng.SuiteRunner.runTest(SuiteRunner.java:421)
at org.testng.SuiteRunner.runSequentially(SuiteRunner.java:413)
at org.testng.SuiteRunner.privateRun(SuiteRunner.java:373)
at org.testng.SuiteRunner.run(SuiteRunner.java:312)
at org.testng.SuiteRunnerWorker.runSuite(SuiteRunnerWorker.java:52)
at org.testng.SuiteRunnerWorker.run(SuiteRunnerWorker.java:95)
at org.testng.TestNG.runSuitesSequentially(TestNG.java:1274)
at org.testng.TestNG.runSuitesLocally(TestNG.java:1208)
at org.testng.TestNG.runSuites(TestNG.java:1112)
at org.testng.TestNG.run(TestNG.java:1079)
at org.testng.remote.AbstractRemoteTestNG.run(AbstractRemoteTestNG.java:115)
at org.testng.remote.RemoteTestNG.initAndRun(RemoteTestNG.java:293)
at org.testng.remote.RemoteTestNG.main(RemoteTestNG.java:91)
]]>
            </full-stacktrace>
          </exception> <!-- java.lang.AssertionError -->
          <reporter-output>
          </reporter-output>
        </test-method> <!-- verifyIfUserIsAbleToClickOnTrackOrderLink -->
        <test-method signature="verifyIfUserIsAbleToDisplayShoppingCategories()[pri:4, instance:test.ProductSearchTest@5fe94a96]" started-at="2024-06-24T23:26:03 GMT-07:00" name="verifyIfUserIsAbleToDisplayShoppingCategories" finished-at="2024-06-24T23:26:16 GMT-07:00" duration-ms="12484" status="PASS">
          <reporter-output>
          </reporter-output>
        </test-method> <!-- verifyIfUserIsAbleToDisplayShoppingCategories -->
        <test-method signature="verifyIfUserIsAbleToClickOnShoppingCart()[pri:5, instance:test.ProductSearchTest@5fe94a96]" started-at="2024-06-24T23:26:16 GMT-07:00" name="verifyIfUserIsAbleToClickOnShoppingCart" finished-at="2024-06-24T23:26:41 GMT-07:00" duration-ms="25741" status="PASS">
          <reporter-output>
          </reporter-output>
        </test-method> <!-- verifyIfUserIsAbleToClickOnShoppingCart -->
      </class> <!-- test.ProductSearchTest -->
    </test> <!-- Default test -->
  </suite> <!-- Default suite -->
</testng-results>
